<?xml version="1.0" encoding="UTF-8"?>
<!-- Generated by org.testng.reporters.JUnitReportReporter -->
<testsuite hostname="LAPTOP-N9RRNCS7" failures="0" tests="4" name="com.qa.opencart.test.LoginPageTest" time="5.310" errors="0" timestamp="29 Mar 2022 01:27:04 GMT" skipped="0">
  <testcase classname="com.qa.opencart.test.LoginPageTest" name="loginPageTest" time="0.070"/>
  <testcase classname="com.qa.opencart.test.LoginPageTest" name="loginPageURLTest" time="0.017"/>
  <testcase classname="com.qa.opencart.test.LoginPageTest" name="verifyForgotPwdLink" time="0.063"/>
  <testcase classname="com.qa.opencart.test.LoginPageTest" name="loginTest" time="5.160"/>
</testsuite> <!-- com.qa.opencart.test.LoginPageTest -->
