<?xml version="1.0" encoding="UTF-8"?>
<!-- Generated by org.testng.reporters.JUnitReportReporter -->
<testsuite hostname="LAPTOP-N9RRNCS7" failures="0" tests="2" name="com.qa.opencart.test.AccountPageTest" time="13.444" errors="0" timestamp="24 Mar 2022 01:57:44 GMT" skipped="0">
  <testcase classname="com.qa.opencart.test.AccountPageTest" name="accPageSectionsTest" time="0.257"/>
  <testcase classname="com.qa.opencart.test.AccountPageTest" name="selectProduct" time="13.187"/>
</testsuite> <!-- com.qa.opencart.test.AccountPageTest -->
